{"C:\\Users\\mrek8\\GIT\\react-starter\\netlify_functions\\helpers\\formHelpers.js": {"path":"C:\\Users\\mrek8\\GIT\\react-starter\\netlify_functions\\helpers\\formHelpers.js","statementMap":{"0":{"start":{"line":1,"column":0},"end":{"line":16,"column":2}},"1":{"start":{"line":8,"column":23},"end":{"line":8,"column":25}},"2":{"start":{"line":9,"column":8},"end":{"line":13,"column":9}},"3":{"start":{"line":10,"column":29},"end":{"line":10,"column":57}},"4":{"start":{"line":11,"column":31},"end":{"line":11,"column":70}},"5":{"start":{"line":12,"column":12},"end":{"line":12,"column":59}},"6":{"start":{"line":14,"column":8},"end":{"line":14,"column":34}}},"fnMap":{"0":{"name":"(anonymous_0)","decl":{"start":{"line":7,"column":4},"end":{"line":7,"column":5}},"loc":{"start":{"line":7,"column":32},"end":{"line":15,"column":5}},"line":7}},"branchMap":{},"s":{"0":1,"1":1,"2":1,"3":2,"4":2,"5":2,"6":1},"f":{"0":1},"b":{},"_coverageSchema":"1a1c01bbd47fc00a2c39e90264f33305004495a9","hash":"f62b9be2d4d0719f4a2935b01bdbae809c841d33"}
,"C:\\Users\\mrek8\\GIT\\react-starter\\src\\helpers\\localStorageHelpers.js": {"path":"C:\\Users\\mrek8\\GIT\\react-starter\\src\\helpers\\localStorageHelpers.js","statementMap":{"0":{"start":{"line":7,"column":30},"end":{"line":12,"column":1}},"1":{"start":{"line":8,"column":4},"end":{"line":10,"column":5}},"2":{"start":{"line":9,"column":8},"end":{"line":9,"column":62}},"3":{"start":{"line":11,"column":4},"end":{"line":11,"column":53}},"4":{"start":{"line":21,"column":28},"end":{"line":31,"column":1}},"5":{"start":{"line":22,"column":19},"end":{"line":22,"column":48}},"6":{"start":{"line":23,"column":4},"end":{"line":27,"column":5}},"7":{"start":{"line":24,"column":8},"end":{"line":24,"column":30}},"8":{"start":{"line":26,"column":8},"end":{"line":26,"column":25}},"9":{"start":{"line":29,"column":4},"end":{"line":29,"column":60}},"10":{"start":{"line":30,"column":4},"end":{"line":30,"column":20}}},"fnMap":{"0":{"name":"(anonymous_0)","decl":{"start":{"line":7,"column":30},"end":{"line":7,"column":31}},"loc":{"start":{"line":7,"column":48},"end":{"line":12,"column":1}},"line":7},"1":{"name":"(anonymous_1)","decl":{"start":{"line":21,"column":28},"end":{"line":21,"column":29}},"loc":{"start":{"line":21,"column":53},"end":{"line":31,"column":1}},"line":21}},"branchMap":{"0":{"loc":{"start":{"line":8,"column":4},"end":{"line":10,"column":5}},"type":"if","locations":[{"start":{"line":8,"column":4},"end":{"line":10,"column":5}},{"start":{},"end":{}}],"line":8},"1":{"loc":{"start":{"line":22,"column":19},"end":{"line":22,"column":48}},"type":"binary-expr","locations":[{"start":{"line":22,"column":19},"end":{"line":22,"column":42}},{"start":{"line":22,"column":46},"end":{"line":22,"column":48}}],"line":22},"2":{"loc":{"start":{"line":23,"column":4},"end":{"line":27,"column":5}},"type":"if","locations":[{"start":{"line":23,"column":4},"end":{"line":27,"column":5}},{"start":{"line":25,"column":11},"end":{"line":27,"column":5}}],"line":23}},"s":{"0":2,"1":4,"2":0,"3":4,"4":2,"5":3,"6":3,"7":2,"8":1,"9":3,"10":3},"f":{"0":4,"1":3},"b":{"0":[0,4],"1":[3,2],"2":[2,1]},"_coverageSchema":"1a1c01bbd47fc00a2c39e90264f33305004495a9","hash":"a3cb7aa8656f4a6c5e817db7c8e29397bcebf2d8"}
,"C:\\Users\\mrek8\\GIT\\react-starter\\src\\modules\\ReactContexts\\AppState\\AppState.jsx": {"path":"C:\\Users\\mrek8\\GIT\\react-starter\\src\\modules\\ReactContexts\\AppState\\AppState.jsx","statementMap":{"0":{"start":{"line":5,"column":24},"end":{"line":5,"column":45}},"1":{"start":{"line":6,"column":27},"end":{"line":6,"column":48}},"2":{"start":{"line":8,"column":31},"end":{"line":32,"column":1}},"3":{"start":{"line":9,"column":4},"end":{"line":31,"column":5}},"4":{"start":{"line":11,"column":36},"end":{"line":11,"column":61}},"5":{"start":{"line":12,"column":12},"end":{"line":12,"column":48}},"6":{"start":{"line":13,"column":12},"end":{"line":13,"column":62}},"7":{"start":{"line":14,"column":12},"end":{"line":17,"column":14}},"8":{"start":{"line":20,"column":36},"end":{"line":20,"column":61}},"9":{"start":{"line":21,"column":12},"end":{"line":21,"column":83}},"10":{"start":{"line":21,"column":64},"end":{"line":21,"column":81}},"11":{"start":{"line":22,"column":12},"end":{"line":22,"column":62}},"12":{"start":{"line":23,"column":12},"end":{"line":26,"column":14}},"13":{"start":{"line":29,"column":12},"end":{"line":29,"column":69}},"14":{"start":{"line":34,"column":25},"end":{"line":53,"column":1}},"15":{"start":{"line":35,"column":22},"end":{"line":35,"column":39}},"16":{"start":{"line":37,"column":4},"end":{"line":44,"column":5}},"17":{"start":{"line":39,"column":8},"end":{"line":39,"column":40}},"18":{"start":{"line":42,"column":8},"end":{"line":42,"column":37}},"19":{"start":{"line":43,"column":8},"end":{"line":43,"column":40}},"20":{"start":{"line":46,"column":30},"end":{"line":46,"column":76}},"21":{"start":{"line":48,"column":4},"end":{"line":52,"column":6}},"22":{"start":{"line":55,"column":20},"end":{"line":61,"column":1}},"23":{"start":{"line":56,"column":20},"end":{"line":56,"column":53}},"24":{"start":{"line":57,"column":4},"end":{"line":59,"column":5}},"25":{"start":{"line":58,"column":8},"end":{"line":58,"column":78}},"26":{"start":{"line":60,"column":4},"end":{"line":60,"column":19}},"27":{"start":{"line":63,"column":23},"end":{"line":69,"column":1}},"28":{"start":{"line":64,"column":20},"end":{"line":64,"column":56}},"29":{"start":{"line":65,"column":4},"end":{"line":67,"column":5}},"30":{"start":{"line":66,"column":8},"end":{"line":66,"column":81}},"31":{"start":{"line":68,"column":4},"end":{"line":68,"column":19}},"32":{"start":{"line":71,"column":0},"end":{"line":74,"column":2}}},"fnMap":{"0":{"name":"(anonymous_0)","decl":{"start":{"line":8,"column":31},"end":{"line":8,"column":32}},"loc":{"start":{"line":8,"column":50},"end":{"line":32,"column":1}},"line":8},"1":{"name":"(anonymous_1)","decl":{"start":{"line":21,"column":57},"end":{"line":21,"column":58}},"loc":{"start":{"line":21,"column":64},"end":{"line":21,"column":81}},"line":21},"2":{"name":"(anonymous_2)","decl":{"start":{"line":34,"column":25},"end":{"line":34,"column":26}},"loc":{"start":{"line":34,"column":36},"end":{"line":53,"column":1}},"line":34},"3":{"name":"(anonymous_3)","decl":{"start":{"line":55,"column":20},"end":{"line":55,"column":21}},"loc":{"start":{"line":55,"column":26},"end":{"line":61,"column":1}},"line":55},"4":{"name":"(anonymous_4)","decl":{"start":{"line":63,"column":23},"end":{"line":63,"column":24}},"loc":{"start":{"line":63,"column":29},"end":{"line":69,"column":1}},"line":63}},"branchMap":{"0":{"loc":{"start":{"line":9,"column":4},"end":{"line":31,"column":5}},"type":"switch","locations":[{"start":{"line":10,"column":8},"end":{"line":18,"column":9}},{"start":{"line":19,"column":8},"end":{"line":27,"column":9}},{"start":{"line":28,"column":8},"end":{"line":30,"column":9}}],"line":9},"1":{"loc":{"start":{"line":37,"column":4},"end":{"line":44,"column":5}},"type":"if","locations":[{"start":{"line":37,"column":4},"end":{"line":44,"column":5}},{"start":{"line":40,"column":11},"end":{"line":44,"column":5}}],"line":37},"2":{"loc":{"start":{"line":57,"column":4},"end":{"line":59,"column":5}},"type":"if","locations":[{"start":{"line":57,"column":4},"end":{"line":59,"column":5}},{"start":{},"end":{}}],"line":57},"3":{"loc":{"start":{"line":65,"column":4},"end":{"line":67,"column":5}},"type":"if","locations":[{"start":{"line":65,"column":4},"end":{"line":67,"column":5}},{"start":{},"end":{}}],"line":65}},"s":{"0":2,"1":2,"2":2,"3":3,"4":1,"5":1,"6":1,"7":1,"8":1,"9":1,"10":1,"11":1,"12":1,"13":1,"14":2,"15":1,"16":1,"17":1,"18":0,"19":0,"20":1,"21":1,"22":2,"23":1,"24":1,"25":0,"26":1,"27":2,"28":1,"29":1,"30":0,"31":1,"32":2},"f":{"0":3,"1":1,"2":1,"3":1,"4":1},"b":{"0":[1,1,1],"1":[1,0],"2":[0,1],"3":[0,1]},"_coverageSchema":"1a1c01bbd47fc00a2c39e90264f33305004495a9","hash":"d034711b55b1505a93ce1e6096033841e725577a"}
,"C:\\Users\\mrek8\\GIT\\react-starter\\src\\modules\\ReactContexts\\AppState\\appStateHelpers.js": {"path":"C:\\Users\\mrek8\\GIT\\react-starter\\src\\modules\\ReactContexts\\AppState\\appStateHelpers.js","statementMap":{"0":{"start":{"line":8,"column":28},"end":{"line":10,"column":1}},"1":{"start":{"line":9,"column":4},"end":{"line":9,"column":55}},"2":{"start":{"line":18,"column":28},"end":{"line":20,"column":1}},"3":{"start":{"line":19,"column":4},"end":{"line":19,"column":60}}},"fnMap":{"0":{"name":"(anonymous_0)","decl":{"start":{"line":8,"column":28},"end":{"line":8,"column":29}},"loc":{"start":{"line":8,"column":37},"end":{"line":10,"column":1}},"line":8},"1":{"name":"(anonymous_1)","decl":{"start":{"line":18,"column":28},"end":{"line":18,"column":29}},"loc":{"start":{"line":18,"column":44},"end":{"line":20,"column":1}},"line":18}},"branchMap":{},"s":{"0":2,"1":1,"2":2,"3":3},"f":{"0":1,"1":3},"b":{},"_coverageSchema":"1a1c01bbd47fc00a2c39e90264f33305004495a9","hash":"307a54c899fc1b9bff447b2ae7a661219523d026"}
,"C:\\Users\\mrek8\\GIT\\react-starter\\src\\modules\\ReactContexts\\AppStateExample\\AppStateExample.jsx": {"path":"C:\\Users\\mrek8\\GIT\\react-starter\\src\\modules\\ReactContexts\\AppStateExample\\AppStateExample.jsx","statementMap":{"0":{"start":{"line":4,"column":31},"end":{"line":43,"column":1}},"1":{"start":{"line":5,"column":29},"end":{"line":5,"column":42}},"2":{"start":{"line":6,"column":24},"end":{"line":6,"column":40}},"3":{"start":{"line":7,"column":54},"end":{"line":7,"column":66}},"4":{"start":{"line":9,"column":4},"end":{"line":42,"column":6}},"5":{"start":{"line":18,"column":24},"end":{"line":18,"column":61}},"6":{"start":{"line":23,"column":24},"end":{"line":23,"column":90}},"7":{"start":{"line":24,"column":24},"end":{"line":24,"column":49}},"8":{"start":{"line":31,"column":24},"end":{"line":31,"column":93}},"9":{"start":{"line":32,"column":24},"end":{"line":32,"column":49}}},"fnMap":{"0":{"name":"(anonymous_0)","decl":{"start":{"line":4,"column":31},"end":{"line":4,"column":32}},"loc":{"start":{"line":4,"column":37},"end":{"line":43,"column":1}},"line":4},"1":{"name":"(anonymous_1)","decl":{"start":{"line":17,"column":30},"end":{"line":17,"column":31}},"loc":{"start":{"line":17,"column":37},"end":{"line":19,"column":21}},"line":17},"2":{"name":"(anonymous_2)","decl":{"start":{"line":22,"column":29},"end":{"line":22,"column":30}},"loc":{"start":{"line":22,"column":35},"end":{"line":25,"column":21}},"line":22},"3":{"name":"(anonymous_3)","decl":{"start":{"line":30,"column":29},"end":{"line":30,"column":30}},"loc":{"start":{"line":30,"column":35},"end":{"line":33,"column":21}},"line":30}},"branchMap":{},"s":{"0":1,"1":1,"2":1,"3":1,"4":1,"5":0,"6":0,"7":0,"8":0,"9":0},"f":{"0":1,"1":0,"2":0,"3":0},"b":{},"_coverageSchema":"1a1c01bbd47fc00a2c39e90264f33305004495a9","hash":"80bb15f43fb39f4a203e3b6148fa0841720eb9c7"}
,"C:\\Users\\mrek8\\GIT\\react-starter\\src\\modules\\ReactContexts\\DataState\\DataState.jsx": {"path":"C:\\Users\\mrek8\\GIT\\react-starter\\src\\modules\\ReactContexts\\DataState\\DataState.jsx","statementMap":{"0":{"start":{"line":4,"column":25},"end":{"line":4,"column":46}},"1":{"start":{"line":5,"column":28},"end":{"line":5,"column":49}},"2":{"start":{"line":7,"column":32},"end":{"line":25,"column":1}},"3":{"start":{"line":8,"column":4},"end":{"line":24,"column":5}},"4":{"start":{"line":10,"column":12},"end":{"line":13,"column":14}},"5":{"start":{"line":16,"column":12},"end":{"line":19,"column":14}},"6":{"start":{"line":22,"column":12},"end":{"line":22,"column":69}},"7":{"start":{"line":27,"column":26},"end":{"line":37,"column":1}},"8":{"start":{"line":28,"column":22},"end":{"line":28,"column":39}},"9":{"start":{"line":30,"column":30},"end":{"line":30,"column":77}},"10":{"start":{"line":32,"column":4},"end":{"line":36,"column":6}},"11":{"start":{"line":39,"column":21},"end":{"line":45,"column":1}},"12":{"start":{"line":40,"column":20},"end":{"line":40,"column":54}},"13":{"start":{"line":41,"column":4},"end":{"line":43,"column":5}},"14":{"start":{"line":42,"column":8},"end":{"line":42,"column":80}},"15":{"start":{"line":44,"column":4},"end":{"line":44,"column":19}},"16":{"start":{"line":47,"column":24},"end":{"line":53,"column":1}},"17":{"start":{"line":48,"column":20},"end":{"line":48,"column":57}},"18":{"start":{"line":49,"column":4},"end":{"line":51,"column":5}},"19":{"start":{"line":50,"column":8},"end":{"line":50,"column":83}},"20":{"start":{"line":52,"column":4},"end":{"line":52,"column":19}},"21":{"start":{"line":55,"column":0},"end":{"line":58,"column":2}}},"fnMap":{"0":{"name":"(anonymous_0)","decl":{"start":{"line":7,"column":32},"end":{"line":7,"column":33}},"loc":{"start":{"line":7,"column":51},"end":{"line":25,"column":1}},"line":7},"1":{"name":"(anonymous_1)","decl":{"start":{"line":27,"column":26},"end":{"line":27,"column":27}},"loc":{"start":{"line":27,"column":37},"end":{"line":37,"column":1}},"line":27},"2":{"name":"(anonymous_2)","decl":{"start":{"line":39,"column":21},"end":{"line":39,"column":22}},"loc":{"start":{"line":39,"column":27},"end":{"line":45,"column":1}},"line":39},"3":{"name":"(anonymous_3)","decl":{"start":{"line":47,"column":24},"end":{"line":47,"column":25}},"loc":{"start":{"line":47,"column":30},"end":{"line":53,"column":1}},"line":47}},"branchMap":{"0":{"loc":{"start":{"line":8,"column":4},"end":{"line":24,"column":5}},"type":"switch","locations":[{"start":{"line":9,"column":8},"end":{"line":14,"column":9}},{"start":{"line":15,"column":8},"end":{"line":20,"column":9}},{"start":{"line":21,"column":8},"end":{"line":23,"column":9}}],"line":8},"1":{"loc":{"start":{"line":41,"column":4},"end":{"line":43,"column":5}},"type":"if","locations":[{"start":{"line":41,"column":4},"end":{"line":43,"column":5}},{"start":{},"end":{}}],"line":41},"2":{"loc":{"start":{"line":49,"column":4},"end":{"line":51,"column":5}},"type":"if","locations":[{"start":{"line":49,"column":4},"end":{"line":51,"column":5}},{"start":{},"end":{}}],"line":49}},"s":{"0":2,"1":2,"2":2,"3":3,"4":1,"5":1,"6":1,"7":2,"8":1,"9":1,"10":1,"11":2,"12":1,"13":1,"14":0,"15":1,"16":2,"17":1,"18":1,"19":0,"20":1,"21":2},"f":{"0":3,"1":1,"2":1,"3":1},"b":{"0":[1,1,1],"1":[0,1],"2":[0,1]},"_coverageSchema":"1a1c01bbd47fc00a2c39e90264f33305004495a9","hash":"3d16b03186d8e1ceadb443391bff3356ef5a5ec0"}
,"C:\\Users\\mrek8\\GIT\\react-starter\\src\\modules\\ReactContexts\\DataStateExample\\DataStateExample.jsx": {"path":"C:\\Users\\mrek8\\GIT\\react-starter\\src\\modules\\ReactContexts\\DataStateExample\\DataStateExample.jsx","statementMap":{"0":{"start":{"line":4,"column":32},"end":{"line":44,"column":1}},"1":{"start":{"line":5,"column":26},"end":{"line":5,"column":40}},"2":{"start":{"line":6,"column":25},"end":{"line":6,"column":42}},"3":{"start":{"line":7,"column":48},"end":{"line":7,"column":60}},"4":{"start":{"line":9,"column":4},"end":{"line":43,"column":6}},"5":{"start":{"line":19,"column":24},"end":{"line":19,"column":58}},"6":{"start":{"line":24,"column":24},"end":{"line":24,"column":78}},"7":{"start":{"line":25,"column":24},"end":{"line":25,"column":46}},"8":{"start":{"line":32,"column":24},"end":{"line":32,"column":58}},"9":{"start":{"line":33,"column":24},"end":{"line":33,"column":46}}},"fnMap":{"0":{"name":"(anonymous_0)","decl":{"start":{"line":4,"column":32},"end":{"line":4,"column":33}},"loc":{"start":{"line":4,"column":38},"end":{"line":44,"column":1}},"line":4},"1":{"name":"(anonymous_1)","decl":{"start":{"line":18,"column":30},"end":{"line":18,"column":31}},"loc":{"start":{"line":18,"column":37},"end":{"line":20,"column":21}},"line":18},"2":{"name":"(anonymous_2)","decl":{"start":{"line":23,"column":29},"end":{"line":23,"column":30}},"loc":{"start":{"line":23,"column":35},"end":{"line":26,"column":21}},"line":23},"3":{"name":"(anonymous_3)","decl":{"start":{"line":31,"column":29},"end":{"line":31,"column":30}},"loc":{"start":{"line":31,"column":35},"end":{"line":34,"column":21}},"line":31}},"branchMap":{},"s":{"0":1,"1":1,"2":1,"3":1,"4":1,"5":0,"6":0,"7":0,"8":0,"9":0},"f":{"0":1,"1":0,"2":0,"3":0},"b":{},"_coverageSchema":"1a1c01bbd47fc00a2c39e90264f33305004495a9","hash":"3e6a35f22533129a95637aed8237099cd470b159"}
,"C:\\Users\\mrek8\\GIT\\react-starter\\src\\modules\\ReactContexts\\Main\\Main.jsx": {"path":"C:\\Users\\mrek8\\GIT\\react-starter\\src\\modules\\ReactContexts\\Main\\Main.jsx","statementMap":{"0":{"start":{"line":5,"column":20},"end":{"line":17,"column":1}},"1":{"start":{"line":6,"column":4},"end":{"line":16,"column":6}}},"fnMap":{"0":{"name":"(anonymous_0)","decl":{"start":{"line":5,"column":20},"end":{"line":5,"column":21}},"loc":{"start":{"line":5,"column":26},"end":{"line":17,"column":1}},"line":5}},"branchMap":{},"s":{"0":1,"1":1},"f":{"0":1},"b":{},"_coverageSchema":"1a1c01bbd47fc00a2c39e90264f33305004495a9","hash":"7c5b8123f7a9a61807b35c70edec79225b0510d4"}
}
