TN:
SF:netlify_functions\helpers\formHelpers.js
FN:7,(anonymous_0)
FNF:1
FNH:1
FNDA:1,(anonymous_0)
DA:1,1
DA:8,1
DA:9,1
DA:10,2
DA:11,2
DA:12,2
DA:14,1
LF:7
LH:7
BRF:0
BRH:0
end_of_record
TN:
SF:src\helpers\localStorageHelpers.js
FN:7,(anonymous_0)
FN:21,(anonymous_1)
FNF:2
FNH:2
FNDA:4,(anonymous_0)
FNDA:3,(anonymous_1)
DA:7,2
DA:8,4
DA:9,0
DA:11,4
DA:21,2
DA:22,3
DA:23,3
DA:24,2
DA:26,1
DA:29,3
DA:30,3
LF:11
LH:10
BRDA:8,0,0,0
BRDA:8,0,1,4
BRDA:22,1,0,3
BRDA:22,1,1,2
BRDA:23,2,0,2
BRDA:23,2,1,1
BRF:6
BRH:5
end_of_record
TN:
SF:src\modules\ReactContexts\AppState\AppState.jsx
FN:8,(anonymous_0)
FN:21,(anonymous_1)
FN:34,(anonymous_2)
FN:55,(anonymous_3)
FN:63,(anonymous_4)
FNF:5
FNH:5
FNDA:3,(anonymous_0)
FNDA:1,(anonymous_1)
FNDA:1,(anonymous_2)
FNDA:1,(anonymous_3)
FNDA:1,(anonymous_4)
DA:5,2
DA:6,2
DA:8,2
DA:9,3
DA:11,1
DA:12,1
DA:13,1
DA:14,1
DA:20,1
DA:21,1
DA:22,1
DA:23,1
DA:29,1
DA:34,2
DA:35,1
DA:37,1
DA:39,1
DA:42,0
DA:43,0
DA:46,1
DA:48,1
DA:55,2
DA:56,1
DA:57,1
DA:58,0
DA:60,1
DA:63,2
DA:64,1
DA:65,1
DA:66,0
DA:68,1
DA:71,2
LF:32
LH:28
BRDA:9,0,0,1
BRDA:9,0,1,1
BRDA:9,0,2,1
BRDA:37,1,0,1
BRDA:37,1,1,0
BRDA:57,2,0,0
BRDA:57,2,1,1
BRDA:65,3,0,0
BRDA:65,3,1,1
BRF:9
BRH:6
end_of_record
TN:
SF:src\modules\ReactContexts\AppState\appStateHelpers.js
FN:8,(anonymous_0)
FN:18,(anonymous_1)
FNF:2
FNH:2
FNDA:1,(anonymous_0)
FNDA:3,(anonymous_1)
DA:8,2
DA:9,1
DA:18,2
DA:19,3
LF:4
LH:4
BRF:0
BRH:0
end_of_record
TN:
SF:src\modules\ReactContexts\AppStateExample\AppStateExample.jsx
FN:4,(anonymous_0)
FN:17,(anonymous_1)
FN:22,(anonymous_2)
FN:30,(anonymous_3)
FNF:4
FNH:1
FNDA:1,(anonymous_0)
FNDA:0,(anonymous_1)
FNDA:0,(anonymous_2)
FNDA:0,(anonymous_3)
DA:4,1
DA:5,1
DA:6,1
DA:7,1
DA:9,1
DA:18,0
DA:23,0
DA:24,0
DA:31,0
DA:32,0
LF:10
LH:5
BRF:0
BRH:0
end_of_record
TN:
SF:src\modules\ReactContexts\DataState\DataState.jsx
FN:7,(anonymous_0)
FN:27,(anonymous_1)
FN:39,(anonymous_2)
FN:47,(anonymous_3)
FNF:4
FNH:4
FNDA:3,(anonymous_0)
FNDA:1,(anonymous_1)
FNDA:1,(anonymous_2)
FNDA:1,(anonymous_3)
DA:4,2
DA:5,2
DA:7,2
DA:8,3
DA:10,1
DA:16,1
DA:22,1
DA:27,2
DA:28,1
DA:30,1
DA:32,1
DA:39,2
DA:40,1
DA:41,1
DA:42,0
DA:44,1
DA:47,2
DA:48,1
DA:49,1
DA:50,0
DA:52,1
DA:55,2
LF:22
LH:20
BRDA:8,0,0,1
BRDA:8,0,1,1
BRDA:8,0,2,1
BRDA:41,1,0,0
BRDA:41,1,1,1
BRDA:49,2,0,0
BRDA:49,2,1,1
BRF:7
BRH:5
end_of_record
TN:
SF:src\modules\ReactContexts\DataStateExample\DataStateExample.jsx
FN:4,(anonymous_0)
FN:18,(anonymous_1)
FN:23,(anonymous_2)
FN:31,(anonymous_3)
FNF:4
FNH:1
FNDA:1,(anonymous_0)
FNDA:0,(anonymous_1)
FNDA:0,(anonymous_2)
FNDA:0,(anonymous_3)
DA:4,1
DA:5,1
DA:6,1
DA:7,1
DA:9,1
DA:19,0
DA:24,0
DA:25,0
DA:32,0
DA:33,0
LF:10
LH:5
BRF:0
BRH:0
end_of_record
TN:
SF:src\modules\ReactContexts\Main\Main.jsx
FN:5,(anonymous_0)
FNF:1
FNH:1
FNDA:1,(anonymous_0)
DA:5,1
DA:6,1
LF:2
LH:2
BRF:0
BRH:0
end_of_record
