TN:
SF:src\helpers\arrayHelpers.js
FN:1,(anonymous_0)
FN:2,(anonymous_1)
FNF:2
FNH:2
FNDA:6,(anonymous_0)
FNDA:25,(anonymous_1)
DA:1,3
DA:2,25
LF:2
LH:2
BRF:0
BRH:0
end_of_record
TN:
SF:src\helpers\formHelpers.js
FN:31,(anonymous_0)
FN:35,(anonymous_1)
FNF:2
FNH:2
FNDA:53,(anonymous_0)
FNDA:10,(anonymous_1)
DA:5,2
DA:10,2
DA:17,2
DA:31,2
DA:32,53
DA:33,8
DA:36,10
DA:37,9
DA:47,45
DA:48,9
DA:49,7
DA:54,2
DA:55,1
DA:61,1
LF:14
LH:14
BRDA:32,0,0,8
BRDA:32,0,1,45
BRDA:36,1,0,9
BRDA:36,1,1,1
BRDA:47,2,0,9
BRDA:47,2,1,36
BRDA:48,3,0,7
BRDA:48,3,1,2
BRDA:54,4,0,1
BRDA:54,4,1,1
BRF:10
BRH:10
end_of_record
TN:
SF:src\helpers\stepsHelpers.js
FN:1,(anonymous_0)
FNF:1
FNH:1
FNDA:2,(anonymous_0)
DA:1,1
DA:2,2
LF:2
LH:2
BRF:0
BRH:0
end_of_record
TN:
SF:src\modules\AppState\AppState.jsx
FN:16,(anonymous_0)
FN:73,(anonymous_1)
FN:83,(anonymous_2)
FN:91,(anonymous_3)
FNF:4
FNH:3
FNDA:11,(anonymous_0)
FNDA:8,(anonymous_1)
FNDA:0,(anonymous_2)
FNDA:7,(anonymous_3)
DA:6,3
DA:13,3
DA:14,3
DA:16,3
DA:17,11
DA:18,11
DA:19,11
DA:21,3
DA:28,1
DA:35,1
DA:41,1
DA:47,1
DA:53,2
DA:54,2
DA:60,1
DA:68,1
DA:73,3
DA:74,8
DA:76,8
DA:83,3
DA:84,0
DA:85,0
DA:86,0
DA:88,0
DA:91,3
DA:92,7
DA:93,7
DA:94,0
DA:96,7
DA:99,3
LF:30
LH:25
BRDA:10,0,0,3
BRDA:10,0,1,3
BRDA:19,1,0,3
BRDA:19,1,1,1
BRDA:19,1,2,1
BRDA:19,1,3,1
BRDA:19,1,4,1
BRDA:19,1,5,2
BRDA:19,1,6,1
BRDA:19,1,7,1
BRDA:23,2,0,2
BRDA:23,2,1,1
BRDA:30,3,0,1
BRDA:30,3,1,0
BRDA:85,4,0,0
BRDA:85,4,1,0
BRDA:93,5,0,0
BRDA:93,5,1,7
BRF:18
BRH:14
end_of_record
TN:
SF:src\modules\DataState\DataState.jsx
FN:12,(anonymous_0)
FN:32,(anonymous_1)
FN:42,(anonymous_2)
FN:50,(anonymous_3)
FNF:4
FNH:4
FNDA:4,(anonymous_0)
FNDA:8,(anonymous_1)
FNDA:7,(anonymous_2)
FNDA:7,(anonymous_3)
DA:5,3
DA:9,3
DA:10,3
DA:12,3
DA:13,4
DA:15,2
DA:21,1
DA:27,1
DA:32,3
DA:33,8
DA:35,8
DA:42,3
DA:43,7
DA:44,7
DA:45,0
DA:47,7
DA:50,3
DA:51,7
DA:52,7
DA:53,0
DA:55,7
DA:58,3
LF:22
LH:20
BRDA:13,0,0,2
BRDA:13,0,1,1
BRDA:13,0,2,1
BRDA:44,1,0,0
BRDA:44,1,1,7
BRDA:52,2,0,0
BRDA:52,2,1,7
BRF:7
BRH:5
end_of_record
TN:
SF:src\modules\UserForm\UserForm.jsx
FN:8,(anonymous_0)
FN:17,(anonymous_1)
FNF:2
FNH:2
FNDA:7,(anonymous_0)
FNDA:1,(anonymous_1)
DA:8,1
DA:9,7
DA:10,7
DA:11,7
DA:13,7
DA:17,7
DA:18,1
DA:22,1
DA:25,7
LF:9
LH:9
BRDA:36,0,0,7
BRDA:36,0,1,5
BRDA:60,1,0,7
BRDA:60,1,1,5
BRDA:61,2,0,1
BRDA:61,2,1,6
BRDA:80,3,0,7
BRDA:80,3,1,5
BRDA:81,4,0,1
BRDA:81,4,1,6
BRDA:100,5,0,7
BRDA:100,5,1,5
BRDA:101,6,0,1
BRDA:101,6,1,6
BRDA:123,7,0,7
BRDA:123,7,1,5
BRDA:138,8,0,2
BRDA:138,8,1,5
BRDA:155,9,0,0
BRDA:155,9,1,7
BRF:20
BRH:19
end_of_record
